<?xml version="1.0" encoding="UTF-8"?>
<robot generator="Robot 5.0.1 (Python 3.9.13 on win32)" generated="20220706 22:12:36.210" rpa="false" schemaversion="3">
<suite id="s1" name="Fernando" source="D:\OneDrive - Badixy\Personal\Estudo\digital-house\certified-tech-developer\disciplinas\testing-01\RobotFramework\fernando.robot">
<test id="s1-t1" name="Processo de compra na loja Sauce Demo com usuário negativo" line="18">
<kw name="Acessar o site" library="fernando">
<kw name="Set Selenium Speed" library="SeleniumLibrary">
<arg>0.1</arg>
<doc>Sets the delay that is waited after each Selenium command.</doc>
<status status="PASS" starttime="20220706 22:12:36.492" endtime="20220706 22:12:36.492"/>
</kw>
<kw name="Open Browser" library="SeleniumLibrary">
<arg>${SITE}</arg>
<arg>${NAVEGADOR}</arg>
<doc>Opens a new browser instance to the optional ``url``.</doc>
<msg timestamp="20220706 22:12:36.492" level="INFO">Opening browser 'Chrome' to base url 'https://www.saucedemo.com/'.</msg>
<status status="PASS" starttime="20220706 22:12:36.492" endtime="20220706 22:12:38.474"/>
</kw>
<kw name="Maximize Browser Window" library="SeleniumLibrary">
<doc>Maximizes current browser window.</doc>
<status status="PASS" starttime="20220706 22:12:38.474" endtime="20220706 22:12:38.705"/>
</kw>
<status status="PASS" starttime="20220706 22:12:36.491" endtime="20220706 22:12:38.705"/>
</kw>
<kw name="Efetuar o login com usuário incorreto" library="fernando">
<kw name="Input Text" library="SeleniumLibrary">
<arg>${CAMPO_USUARIO}</arg>
<arg>${USUARIO_INCORRETO}</arg>
<doc>Types the given ``text`` into the text field identified by ``locator``.</doc>
<msg timestamp="20220706 22:12:38.712" level="INFO">Typing text 'PÃO DE BATATA' into text field 'css=#user-name'.</msg>
<status status="PASS" starttime="20220706 22:12:38.711" endtime="20220706 22:12:39.143"/>
</kw>
<kw name="Input Text" library="SeleniumLibrary">
<arg>${CAMPO_SENHA}</arg>
<arg>${SENHA_INCORRETA}</arg>
<doc>Types the given ``text`` into the text field identified by ``locator``.</doc>
<msg timestamp="20220706 22:12:39.144" level="INFO">Typing text 'TÃTÃTÃ' into text field 'css=#password'.</msg>
<status status="PASS" starttime="20220706 22:12:39.143" endtime="20220706 22:12:39.575"/>
</kw>
<kw name="Click Element" library="SeleniumLibrary">
<arg>${BOTAO_LOGIN}</arg>
<doc>Click the element identified by ``locator``.</doc>
<msg timestamp="20220706 22:12:39.575" level="INFO">Clicking element 'css=#login-button'.</msg>
<status status="PASS" starttime="20220706 22:12:39.575" endtime="20220706 22:12:39.856"/>
</kw>
<kw name="Page Should Contain" library="SeleniumLibrary">
<arg>${MENSAGEM_ERRO}</arg>
<doc>Verifies that current page contains ``text``.</doc>
<msg timestamp="20220706 22:12:40.092" level="INFO">Current page contains text 'Username and password do not match any user in this service'.</msg>
<status status="PASS" starttime="20220706 22:12:39.856" endtime="20220706 22:12:40.092"/>
</kw>
<status status="PASS" starttime="20220706 22:12:38.711" endtime="20220706 22:12:40.092"/>
</kw>
<kw name="Close Browser" library="SeleniumLibrary" type="TEARDOWN">
<doc>Closes the current browser.</doc>
<status status="PASS" starttime="20220706 22:12:40.094" endtime="20220706 22:12:42.370"/>
</kw>
<status status="PASS" starttime="20220706 22:12:36.490" endtime="20220706 22:12:42.371"/>
</test>
<status status="PASS" starttime="20220706 22:12:36.212" endtime="20220706 22:12:42.375"/>
</suite>
<statistics>
<total>
<stat pass="1" fail="0" skip="0">All Tests</stat>
</total>
<tag>
</tag>
<suite>
<stat pass="1" fail="0" skip="0" id="s1" name="Fernando">Fernando</stat>
</suite>
</statistics>
<errors>
</errors>
</robot>
