<?xml version="1.0" encoding="UTF-8"?>
<testsuite xmlns:xsi="http://www.w3.org/2001/XMLSchema-instance" xsi:noNamespaceSchemaLocation="https://maven.apache.org/surefire/maven-surefire-plugin/xsd/surefire-test-report-3.0.xsd" version="3.0" name="PacienteDentistaTest" time="0.504" tests="1" errors="0" skipped="0" failures="0">
  <properties>
[...]
</properties>
  <testcase name="mesaTeste" classname="PacienteDentistaTest" time="0.477">
    <system-out><![CDATA[Endereço encontrado: 
Endereco{rua='Rua 1', numero=1, cidade='Cidade 1', bairro='Bairro 1'}
Paciente encontrado: 
Paciente{id=1, nome='José', sobrenome='Silva', RG='123456789', dataDeCadastro=01/01/2001, endereco=0}
]]></system-out>
    <system-err><![CDATA[ago. 23, 2022 11:58:20 PM Paciente.EnderecoDaoH2 salvar
INFORMAÇÕES: registrando um novo endereco: Endereco{rua='Rua 1', numero=1, cidade='Cidade 1', bairro='Bairro 1'}
ago. 23, 2022 11:58:20 PM Paciente.EnderecoDaoH2 buscar
INFORMAÇÕES: buscando o endereco de id: 1
ago. 23, 2022 11:58:20 PM Paciente.PacienteDaoH2 cadastrar
INFORMAÇÕES: Cadastrando paciente: José
ago. 23, 2022 11:58:20 PM Paciente.PacienteDaoH2 buscar
INFORMAÇÕES: Buscando paciente com ID: 1
ago. 23, 2022 11:58:20 PM Paciente.PacienteDaoH2 excluir
INFORMAÇÕES: Excluindo paciente com ID: 1
ago. 23, 2022 11:58:20 PM Paciente.PacienteDaoH2 buscar
INFORMAÇÕES: Buscando paciente com ID: 1
]]></system-err>
  </testcase>
</testsuite>