<?xml version="1.0" encoding="UTF-8"?>
<robot generator="Robot 5.0.1 (Python 3.9.13 on win32)" generated="20220712 21:11:56.853" rpa="false" schemaversion="3">
<suite id="s1" name="Preprova" source="D:\OneDrive - Badixy\Personal\Estudo\digital-house\certified-tech-developer\disciplinas\testing-01\RobotFramework PreProva\preprova.robot">
<test id="s1-t1" name="Validação das informações do curso de Data Analytics" line="8">
<kw name="Abrir o novo site da Digital House Brasil" library="preprova" type="SETUP">
<kw name="Open Browser" library="SeleniumLibrary">
<arg>${SITE}</arg>
<arg>${NAVEGADOR}</arg>
<doc>Opens a new browser instance to the optional ``url``.</doc>
<msg timestamp="20220712 21:11:57.119" level="INFO">Opening browser 'Chrome' to base url 'https://digitalhouse.com/br'.</msg>
<status status="PASS" starttime="20220712 21:11:57.119" endtime="20220712 21:12:01.496"/>
</kw>
<kw name="Maximize Browser Window" library="SeleniumLibrary">
<doc>Maximizes current browser window.</doc>
<status status="PASS" starttime="20220712 21:12:01.496" endtime="20220712 21:12:01.628"/>
</kw>
<status status="PASS" starttime="20220712 21:11:57.118" endtime="20220712 21:12:01.628"/>
</kw>
<kw name="DA.Clicar em “Ver outros cursos”" library="preprova">
<kw name="Execute Javascript" library="SeleniumLibrary">
<arg>window.scroll(0,900)</arg>
<doc>Executes the given JavaScript code with possible arguments.</doc>
<msg timestamp="20220712 21:12:01.630" level="INFO">Executing JavaScript:
window.scroll(0,900)
Without any arguments.</msg>
<status status="PASS" starttime="20220712 21:12:01.629" endtime="20220712 21:12:01.634"/>
</kw>
<kw name="Wait and Click" library="preprova">
<arg>${OUTROS_CURSOS}</arg>
<kw name="Wait Until Element Is Visible" library="SeleniumLibrary">
<arg>${ELEMENTO}</arg>
<doc>Waits until the element ``locator`` is visible.</doc>
<status status="PASS" starttime="20220712 21:12:01.635" endtime="20220712 21:12:01.662"/>
</kw>
<kw name="Click Element" library="SeleniumLibrary">
<arg>${ELEMENTO}</arg>
<doc>Click the element identified by ``locator``.</doc>
<msg timestamp="20220712 21:12:01.662" level="INFO">Clicking element 'css=#__next &gt; div &gt; main &gt; section &gt; div &gt; div.mt-8.flex.justify-center &gt; div &gt; a'.</msg>
<status status="PASS" starttime="20220712 21:12:01.662" endtime="20220712 21:12:03.088"/>
</kw>
<status status="PASS" starttime="20220712 21:12:01.634" endtime="20220712 21:12:03.088"/>
</kw>
<status status="PASS" starttime="20220712 21:12:01.629" endtime="20220712 21:12:03.088"/>
</kw>
<kw name="Selecionar o curso “Data Analytics”" library="preprova">
<kw name="Execute Javascript" library="SeleniumLibrary">
<arg>window.scroll(0,900)</arg>
<doc>Executes the given JavaScript code with possible arguments.</doc>
<msg timestamp="20220712 21:12:03.090" level="INFO">Executing JavaScript:
window.scroll(0,900)
Without any arguments.</msg>
<status status="PASS" starttime="20220712 21:12:03.089" endtime="20220712 21:12:03.114"/>
</kw>
<kw name="Wait and Click" library="preprova">
<arg>${DATA_ANALYTICS}</arg>
<kw name="Wait Until Element Is Visible" library="SeleniumLibrary">
<arg>${ELEMENTO}</arg>
<doc>Waits until the element ``locator`` is visible.</doc>
<status status="PASS" starttime="20220712 21:12:03.115" endtime="20220712 21:12:03.149"/>
</kw>
<kw name="Click Element" library="SeleniumLibrary">
<arg>${ELEMENTO}</arg>
<doc>Click the element identified by ``locator``.</doc>
<msg timestamp="20220712 21:12:03.150" level="INFO">Clicking element 'xpath=//*[@id="__next"]/div/main/section[2]/div/div/div[3]/a'.</msg>
<status status="PASS" starttime="20220712 21:12:03.149" endtime="20220712 21:12:04.426"/>
</kw>
<status status="PASS" starttime="20220712 21:12:03.115" endtime="20220712 21:12:04.426"/>
</kw>
<status status="PASS" starttime="20220712 21:12:03.088" endtime="20220712 21:12:04.426"/>
</kw>
<kw name="Verificar se o texto de chamada do curso Data Analytics está correta" library="preprova">
<kw name="Page Should Contain" library="SeleniumLibrary">
<arg>${CHAMADA_DATA_ANALYTICS}</arg>
<doc>Verifies that current page contains ``text``.</doc>
<msg timestamp="20220712 21:12:04.462" level="INFO">Current page contains text 'voltado para qualquer pessoa que deseja ampliar suas capacidades analíticas'.</msg>
<status status="PASS" starttime="20220712 21:12:04.428" endtime="20220712 21:12:04.462"/>
</kw>
<status status="PASS" starttime="20220712 21:12:04.428" endtime="20220712 21:12:04.462"/>
</kw>
<kw name="Verificar se a descrição do curso Data Analytics está correta" library="preprova">
<kw name="Page Should Contain" library="SeleniumLibrary">
<arg>${DESCRICAO_DATA_ANALYTICS}</arg>
<doc>Verifies that current page contains ``text``.</doc>
<msg timestamp="20220712 21:12:04.482" level="INFO">Current page contains text 'Esse curso é voltado para qualquer pessoa e/ou profissional que queira ampliar suas capacidades analíticas para tomar as melhores decisões estratégicas em sua empresa, não importa em qual momento da vida esteja.'.</msg>
<status status="PASS" starttime="20220712 21:12:04.463" endtime="20220712 21:12:04.482"/>
</kw>
<status status="PASS" starttime="20220712 21:12:04.463" endtime="20220712 21:12:04.482"/>
</kw>
<kw name="Clicar em “Inscreva-se agora" library="preprova">
<kw name="Wait and Click" library="preprova">
<arg>${BTN_INSCREVA_SE_AGORA}</arg>
<kw name="Wait Until Element Is Visible" library="SeleniumLibrary">
<arg>${ELEMENTO}</arg>
<doc>Waits until the element ``locator`` is visible.</doc>
<status status="PASS" starttime="20220712 21:12:04.483" endtime="20220712 21:12:04.503"/>
</kw>
<kw name="Click Element" library="SeleniumLibrary">
<arg>${ELEMENTO}</arg>
<doc>Click the element identified by ``locator``.</doc>
<msg timestamp="20220712 21:12:04.504" level="INFO">Clicking element 'xpath=//*[@id="__next"]/div/main/section/div/div/div[1]/div/div[2]/div[1]/a'.</msg>
<status status="PASS" starttime="20220712 21:12:04.504" endtime="20220712 21:12:04.559"/>
</kw>
<status status="PASS" starttime="20220712 21:12:04.483" endtime="20220712 21:12:04.559"/>
</kw>
<status status="PASS" starttime="20220712 21:12:04.483" endtime="20220712 21:12:04.559"/>
</kw>
<kw name="Clicar em “Inscreva-se”" library="preprova">
<kw name="Execute Javascript" library="SeleniumLibrary">
<arg>window.scroll(0,3000)</arg>
<doc>Executes the given JavaScript code with possible arguments.</doc>
<msg timestamp="20220712 21:12:04.578" level="INFO">Executing JavaScript:
window.scroll(0,3000)
Without any arguments.</msg>
<status status="PASS" starttime="20220712 21:12:04.577" endtime="20220712 21:12:04.603"/>
</kw>
<kw name="Wait and Click" library="preprova">
<arg>${BTN_INSCREVA_SE}</arg>
<kw name="Wait Until Element Is Visible" library="SeleniumLibrary">
<arg>${ELEMENTO}</arg>
<doc>Waits until the element ``locator`` is visible.</doc>
<msg timestamp="20220712 21:12:09.958" level="INFO" html="true">&lt;/td&gt;&lt;/tr&gt;&lt;tr&gt;&lt;td colspan="3"&gt;&lt;a href="selenium-screenshot-3.png"&gt;&lt;img src="selenium-screenshot-3.png" width="800px"&gt;&lt;/a&gt;</msg>
<msg timestamp="20220712 21:12:09.959" level="FAIL">Element 'xpath=//*[@id="0"]/div/a' not visible after 5 seconds.</msg>
<status status="FAIL" starttime="20220712 21:12:04.604" endtime="20220712 21:12:09.961"/>
</kw>
<kw name="Click Element" library="SeleniumLibrary">
<arg>${ELEMENTO}</arg>
<doc>Click the element identified by ``locator``.</doc>
<status status="NOT RUN" starttime="20220712 21:12:09.961" endtime="20220712 21:12:09.962"/>
</kw>
<status status="FAIL" starttime="20220712 21:12:04.603" endtime="20220712 21:12:09.963"/>
</kw>
<status status="FAIL" starttime="20220712 21:12:04.577" endtime="20220712 21:12:09.963"/>
</kw>
<kw name="Validar que o valor do curso é “R$10.315”" library="preprova">
<status status="NOT RUN" starttime="20220712 21:12:09.964" endtime="20220712 21:12:09.964"/>
</kw>
<kw name="Close Browser" library="SeleniumLibrary" type="TEARDOWN">
<doc>Closes the current browser.</doc>
<status status="PASS" starttime="20220712 21:12:09.965" endtime="20220712 21:12:12.528"/>
</kw>
<status status="FAIL" starttime="20220712 21:11:57.117" endtime="20220712 21:12:12.529">Element 'xpath=//*[@id="0"]/div/a' not visible after 5 seconds.</status>
</test>
<test id="s1-t2" name="Validação das informações do curso de Data Science" line="17">
<kw name="Abrir o novo site da Digital House Brasil" library="preprova" type="SETUP">
<kw name="Open Browser" library="SeleniumLibrary">
<arg>${SITE}</arg>
<arg>${NAVEGADOR}</arg>
<doc>Opens a new browser instance to the optional ``url``.</doc>
<msg timestamp="20220712 21:12:12.532" level="INFO">Opening browser 'Chrome' to base url 'https://digitalhouse.com/br'.</msg>
<status status="PASS" starttime="20220712 21:12:12.531" endtime="20220712 21:12:17.682"/>
</kw>
<kw name="Maximize Browser Window" library="SeleniumLibrary">
<doc>Maximizes current browser window.</doc>
<status status="PASS" starttime="20220712 21:12:17.682" endtime="20220712 21:12:17.809"/>
</kw>
<status status="PASS" starttime="20220712 21:12:12.531" endtime="20220712 21:12:17.810"/>
</kw>
<kw name="Ds.Clicar em “Ver outros cursos”" library="preprova">
<kw name="Execute Javascript" library="SeleniumLibrary">
<arg>window.scroll(0,900)</arg>
<doc>Executes the given JavaScript code with possible arguments.</doc>
<msg timestamp="20220712 21:12:17.812" level="INFO">Executing JavaScript:
window.scroll(0,900)
Without any arguments.</msg>
<status status="PASS" starttime="20220712 21:12:17.812" endtime="20220712 21:12:17.829"/>
</kw>
<kw name="Wait and Click" library="preprova">
<arg>${OUTROS_CURSOS}</arg>
<kw name="Wait Until Element Is Visible" library="SeleniumLibrary">
<arg>${ELEMENTO}</arg>
<doc>Waits until the element ``locator`` is visible.</doc>
<status status="PASS" starttime="20220712 21:12:17.830" endtime="20220712 21:12:17.873"/>
</kw>
<kw name="Click Element" library="SeleniumLibrary">
<arg>${ELEMENTO}</arg>
<doc>Click the element identified by ``locator``.</doc>
<msg timestamp="20220712 21:12:17.873" level="INFO">Clicking element 'css=#__next &gt; div &gt; main &gt; section &gt; div &gt; div.mt-8.flex.justify-center &gt; div &gt; a'.</msg>
<status status="PASS" starttime="20220712 21:12:17.873" endtime="20220712 21:12:19.967"/>
</kw>
<status status="PASS" starttime="20220712 21:12:17.829" endtime="20220712 21:12:19.967"/>
</kw>
<status status="PASS" starttime="20220712 21:12:17.811" endtime="20220712 21:12:19.967"/>
</kw>
<kw name="Selecionar o curso “Data Science”" library="preprova">
<kw name="Execute Javascript" library="SeleniumLibrary">
<arg>window.scroll(0,900)</arg>
<doc>Executes the given JavaScript code with possible arguments.</doc>
<msg timestamp="20220712 21:12:19.968" level="INFO">Executing JavaScript:
window.scroll(0,900)
Without any arguments.</msg>
<status status="PASS" starttime="20220712 21:12:19.968" endtime="20220712 21:12:19.973"/>
</kw>
<kw name="Wait and Click" library="preprova">
<arg>${DATA_SCIENCE}</arg>
<kw name="Wait Until Element Is Visible" library="SeleniumLibrary">
<arg>${ELEMENTO}</arg>
<doc>Waits until the element ``locator`` is visible.</doc>
<status status="PASS" starttime="20220712 21:12:19.973" endtime="20220712 21:12:20.001"/>
</kw>
<kw name="Click Element" library="SeleniumLibrary">
<arg>${ELEMENTO}</arg>
<doc>Click the element identified by ``locator``.</doc>
<msg timestamp="20220712 21:12:20.001" level="INFO">Clicking element 'xpath=//*[@id="__next"]/div/main/section[2]/div/div/div[4]/a/span'.</msg>
<status status="PASS" starttime="20220712 21:12:20.001" endtime="20220712 21:12:21.642"/>
</kw>
<status status="PASS" starttime="20220712 21:12:19.973" endtime="20220712 21:12:21.643"/>
</kw>
<status status="PASS" starttime="20220712 21:12:19.967" endtime="20220712 21:12:21.643"/>
</kw>
<kw name="Verificar se o texto de chamada do curso Data Science está correta" library="preprova">
<kw name="Page Should Contain" library="SeleniumLibrary">
<arg>${CHAMADA_DATA_SCIENCE}</arg>
<doc>Verifies that current page contains ``text``.</doc>
<msg timestamp="20220712 21:12:21.679" level="INFO">Current page contains text 'voltado para estudantes e profissionais de diversas áreas que desejam melhorar sua comunicação como engenheiros de Big Data'.</msg>
<status status="PASS" starttime="20220712 21:12:21.645" endtime="20220712 21:12:21.679"/>
</kw>
<status status="PASS" starttime="20220712 21:12:21.645" endtime="20220712 21:12:21.679"/>
</kw>
<kw name="Close Browser" library="SeleniumLibrary" type="TEARDOWN">
<doc>Closes the current browser.</doc>
<status status="PASS" starttime="20220712 21:12:21.687" endtime="20220712 21:12:24.914"/>
</kw>
<status status="PASS" starttime="20220712 21:12:12.530" endtime="20220712 21:12:24.914"/>
</test>
<status status="FAIL" starttime="20220712 21:11:56.856" endtime="20220712 21:12:24.916"/>
</suite>
<statistics>
<total>
<stat pass="1" fail="1" skip="0">All Tests</stat>
</total>
<tag>
</tag>
<suite>
<stat pass="1" fail="1" skip="0" id="s1" name="Preprova">Preprova</stat>
</suite>
</statistics>
<errors>
</errors>
</robot>
