{"D:\\OneDrive - Badixy\\Personal\\Estudo\\digital-house\\certified-tech-developer\\disciplinas\\testing-01\\aula-15\\calculadora-02\\calculadora.js": {"path":"D:\\OneDrive - Badixy\\Personal\\Estudo\\digital-house\\certified-tech-developer\\disciplinas\\testing-01\\aula-15\\calculadora-02\\calculadora.js","statementMap":{"0":{"start":{"line":2,"column":4},"end":{"line":2,"column":15}},"1":{"start":{"line":6,"column":4},"end":{"line":6,"column":15}},"2":{"start":{"line":10,"column":4},"end":{"line":10,"column":15}},"3":{"start":{"line":14,"column":4},"end":{"line":14,"column":15}},"4":{"start":{"line":17,"column":0},"end":{"line":17,"column":59}}},"fnMap":{"0":{"name":"soma","decl":{"start":{"line":1,"column":9},"end":{"line":1,"column":13}},"loc":{"start":{"line":1,"column":18},"end":{"line":3,"column":1}},"line":1},"1":{"name":"subtracao","decl":{"start":{"line":5,"column":9},"end":{"line":5,"column":18}},"loc":{"start":{"line":5,"column":23},"end":{"line":7,"column":1}},"line":5},"2":{"name":"multiplicacao","decl":{"start":{"line":9,"column":9},"end":{"line":9,"column":22}},"loc":{"start":{"line":9,"column":27},"end":{"line":11,"column":1}},"line":9},"3":{"name":"divisao","decl":{"start":{"line":13,"column":9},"end":{"line":13,"column":16}},"loc":{"start":{"line":13,"column":21},"end":{"line":15,"column":1}},"line":13}},"branchMap":{},"s":{"0":4,"1":5,"2":3,"3":3,"4":4},"f":{"0":4,"1":5,"2":3,"3":3},"b":{},"_coverageSchema":"1a1c01bbd47fc00a2c39e90264f33305004495a9","hash":"904738b6769cdba9ff3bff35724522f877871fa3"}
}
